<?xml version="1.0" encoding="UTF-8"?>
<!-- Generated by org.testng.reporters.JUnitXMLReporter -->
<testsuite ignored="2" hostname="prasanna" failures="0" tests="2" name="Test" time="10.665" errors="0" timestamp="2023-10-10T14:27:22 IST">
  <testcase classname="com.bussiness.gmail" name="gmailtest" time="6.006"/>
  <testcase classname="com.bussiness.testclass" name="sendkey" time="4.612"/>
  <testcase classname="com.basetest.Baseclass" name="@AfterSuite closeBrowser" time="0.0">
    <ignored/>
  </testcase> <!-- @AfterSuite closeBrowser -->
  <testcase classname="com.basetest.Baseclass" name="@BeforeSuite OpenBrowser" time="0.0">
    <ignored/>
  </testcase> <!-- @BeforeSuite OpenBrowser -->
</testsuite> <!-- Test -->
