<?xml version="1.0" encoding="UTF-8"?>
<testng-results ignored="2" total="4" passed="2" failed="0" skipped="0">
  <reporter-output>
  </reporter-output>
  <suite started-at="2023-10-10T14:27:11 IST" name="Suite" finished-at="2023-10-10T14:27:22 IST" duration-ms="10665">
    <groups>
    </groups>
    <test started-at="2023-10-10T14:27:11 IST" name="Test" finished-at="2023-10-10T14:27:22 IST" duration-ms="10665">
      <class name="com.bussiness.gmail">
        <test-method is-config="true" signature="OpenBrowser(java.lang.String)[pri:0, instance:com.bussiness.gmail@3e27aa33]" started-at="2023-10-10T14:27:06 IST" name="OpenBrowser" finished-at="2023-10-10T14:27:11 IST" duration-ms="5113" status="PASS">
          <params>
            <param index="0">
              <value>
                <![CDATA[edge]]>
              </value>
            </param>
          </params>
          <reporter-output>
          </reporter-output>
        </test-method> <!-- OpenBrowser -->
        <test-method is-config="true" signature="beforeTCExecution(java.lang.reflect.Method)[pri:0, instance:com.bussiness.gmail@3e27aa33]" started-at="2023-10-10T14:27:11 IST" name="beforeTCExecution" finished-at="2023-10-10T14:27:11 IST" duration-ms="1" status="PASS">
          <params>
            <param index="0">
              <value>
                <![CDATA[public void com.bussiness.gmail.gmailtest() throws java.lang.InterruptedException]]>
              </value>
            </param>
          </params>
          <reporter-output>
          </reporter-output>
        </test-method> <!-- beforeTCExecution -->
        <test-method signature="gmailtest()[pri:1, instance:com.bussiness.gmail@3e27aa33]" started-at="2023-10-10T14:27:11 IST" name="gmailtest" finished-at="2023-10-10T14:27:17 IST" duration-ms="6006" status="PASS">
          <reporter-output>
          </reporter-output>
        </test-method> <!-- gmailtest -->
        <test-method is-config="true" signature="afterTCExecution(org.testng.ITestResult)[pri:0, instance:com.bussiness.gmail@3e27aa33]" started-at="2023-10-10T14:27:17 IST" name="afterTCExecution" finished-at="2023-10-10T14:27:17 IST" duration-ms="0" status="PASS">
          <params>
            <param index="0">
              <value>
                <![CDATA[[TestResult name=gmailtest status=SUCCESS method=gmail.gmailtest()[pri:1, instance:com.bussiness.gmail@3e27aa33] output={null}]]]>
              </value>
            </param>
          </params>
          <reporter-output>
          </reporter-output>
        </test-method> <!-- afterTCExecution -->
        <test-method is-config="true" signature="closeBrowser()[pri:0, instance:com.bussiness.gmail@3e27aa33]" started-at="2023-10-10T14:27:22 IST" name="closeBrowser" finished-at="2023-10-10T14:27:22 IST" duration-ms="354" status="PASS">
          <reporter-output>
          </reporter-output>
        </test-method> <!-- closeBrowser -->
      </class> <!-- com.bussiness.gmail -->
      <class name="com.bussiness.testclass">
        <test-method is-config="true" signature="beforeTCExecution(java.lang.reflect.Method)[pri:0, instance:com.bussiness.testclass@f78a47e]" started-at="2023-10-10T14:27:17 IST" name="beforeTCExecution" finished-at="2023-10-10T14:27:17 IST" duration-ms="1" status="PASS">
          <params>
            <param index="0">
              <value>
                <![CDATA[public void com.bussiness.testclass.sendkey() throws java.lang.InterruptedException]]>
              </value>
            </param>
          </params>
          <reporter-output>
          </reporter-output>
        </test-method> <!-- beforeTCExecution -->
        <test-method signature="sendkey()[pri:2, instance:com.bussiness.testclass@f78a47e]" started-at="2023-10-10T14:27:17 IST" name="sendkey" finished-at="2023-10-10T14:27:22 IST" duration-ms="4612" status="PASS">
          <reporter-output>
          </reporter-output>
        </test-method> <!-- sendkey -->
        <test-method is-config="true" signature="afterTCExecution(org.testng.ITestResult)[pri:0, instance:com.bussiness.testclass@f78a47e]" started-at="2023-10-10T14:27:22 IST" name="afterTCExecution" finished-at="2023-10-10T14:27:22 IST" duration-ms="0" status="PASS">
          <params>
            <param index="0">
              <value>
                <![CDATA[[TestResult name=sendkey status=SUCCESS method=testclass.sendkey()[pri:2, instance:com.bussiness.testclass@f78a47e] output={null}]]]>
              </value>
            </param>
          </params>
          <reporter-output>
          </reporter-output>
        </test-method> <!-- afterTCExecution -->
      </class> <!-- com.bussiness.testclass -->
    </test> <!-- Test -->
  </suite> <!-- Suite -->
</testng-results>
